[tunatheme.com/tf/html/arowana-preview/arowana/index.html]
[backblue.gif]
[fade.gif]
[index.html]
[tunatheme.com/tf/html/arowana-preview/arowana/img/favicon.png]
[tunatheme.com/tf/html/arowana-preview/arowana/css/font-icons.css]
[tunatheme.com/tf/html/arowana-preview/arowana/css/plugins.css]
[tunatheme.com/tf/html/arowana-preview/arowana/css/style.css]
[tunatheme.com/tf/html/arowana-preview/arowana/css/responsive.css]
[tunatheme.com/tf/html/arowana-preview/arowana/locations.html]
[tunatheme.com/tf/html/arowana-preview/arowana/img/logo.png]
[tunatheme.com/tf/html/arowana-preview/arowana/index-2.html]
[tunatheme.com/tf/html/arowana-preview/arowana/index-3.html]
[tunatheme.com/tf/html/arowana-preview/arowana/index-4.html]
[tunatheme.com/tf/html/arowana-preview/arowana/index-5.html]
[tunatheme.com/tf/html/arowana-preview/arowana/index-6.html]
[tunatheme.com/tf/html/arowana-preview/arowana/index-7.html]
[tunatheme.com/tf/html/arowana-preview/arowana/index-8.html]
[tunatheme.com/tf/html/arowana-preview/arowana/about.html]
[tunatheme.com/tf/html/arowana-preview/arowana/faq.html]
[tunatheme.com/tf/html/arowana-preview/arowana/coming-soon.html]
[tunatheme.com/tf/html/arowana-preview/arowana/404.html]
[tunatheme.com/tf/html/arowana-preview/arowana/contact.html]
[tunatheme.com/tf/html/arowana-preview/arowana/shop.html]
[tunatheme.com/tf/html/arowana-preview/arowana/shop-grid.html]
[tunatheme.com/tf/html/arowana-preview/arowana/shop-left-sidebar.html]
[tunatheme.com/tf/html/arowana-preview/arowana/shop-right-sidebar.html]
[tunatheme.com/tf/html/arowana-preview/arowana/product-details.html]
[tunatheme.com/tf/html/arowana-preview/arowana/product-details-no-sidebar.html]
[tunatheme.com/tf/html/arowana-preview/arowana/product-details-hover-zoom.html]
[tunatheme.com/tf/html/arowana-preview/arowana/cart.html]
[tunatheme.com/tf/html/arowana-preview/arowana/wishlist.html]
[tunatheme.com/tf/html/arowana-preview/arowana/checkout.html]
[tunatheme.com/tf/html/arowana-preview/arowana/order-tracking.html]
[tunatheme.com/tf/html/arowana-preview/arowana/account.html]
[tunatheme.com/tf/html/arowana-preview/arowana/login.html]
[tunatheme.com/tf/html/arowana-preview/arowana/register.html]
[tunatheme.com/tf/html/arowana-preview/arowana/img/product/13.png]
[tunatheme.com/tf/html/arowana-preview/arowana/img/product/9.png]
[tunatheme.com/tf/html/arowana-preview/arowana/img/product/15.png]
[tunatheme.com/tf/html/arowana-preview/arowana/img/product/6.png]
[tunatheme.com/tf/html/arowana-preview/arowana/blog.html]
[tunatheme.com/tf/html/arowana-preview/arowana/blog-grid.html]
[tunatheme.com/tf/html/arowana-preview/arowana/blog-left-sidebar.html]
[tunatheme.com/tf/html/arowana-preview/arowana/blog-right-sidebar.html]
[tunatheme.com/tf/html/arowana-preview/arowana/blog-details.html]
[tunatheme.com/tf/html/arowana-preview/arowana/img/product/1.png]
[tunatheme.com/tf/html/arowana-preview/arowana/img/product/4.png]
[tunatheme.com/tf/html/arowana-preview/arowana/img/slider/11.png]
[tunatheme.com/tf/html/arowana-preview/arowana/img/slider/1-1.png]
[tunatheme.com/tf/html/arowana-preview/arowana/img/banner/6.png]
[tunatheme.com/tf/html/arowana-preview/arowana/img/banner/10.png]
[tunatheme.com/tf/html/arowana-preview/arowana/img/banner/11.png]
[tunatheme.com/tf/html/arowana-preview/arowana/img/product/2.png]
[tunatheme.com/tf/html/arowana-preview/arowana/img/product/3.png]
[tunatheme.com/tf/html/arowana-preview/arowana/img/product/5.png]
[tunatheme.com/tf/html/arowana-preview/arowana/img/bg/3.png]
[tunatheme.com/tf/html/arowana-preview/arowana/img/product/14.png]
[tunatheme.com/tf/html/arowana-preview/arowana/img/banner/3.jpg]
[tunatheme.com/tf/html/arowana-preview/arowana/img/banner/4.jpg]
[tunatheme.com/tf/html/arowana-preview/arowana/img/bg/8.jpg]
[tunatheme.com/tf/html/arowana-preview/arowana/img/brand-logo/1.png]
[tunatheme.com/tf/html/arowana-preview/arowana/img/brand-logo/2.png]
[tunatheme.com/tf/html/arowana-preview/arowana/img/brand-logo/3.png]
[tunatheme.com/tf/html/arowana-preview/arowana/img/brand-logo/4.png]
[tunatheme.com/tf/html/arowana-preview/arowana/img/brand-logo/5.png]
[tunatheme.com/tf/html/arowana-preview/arowana/img/icons/svg/4-track.svg]
[tunatheme.com/tf/html/arowana-preview/arowana/img/icons/svg/5-madel.svg]
[tunatheme.com/tf/html/arowana-preview/arowana/img/icons/svg/6-return.svg]
[tunatheme.com/tf/html/arowana-preview/arowana/img/icons/svg/7-support.svg]
[tunatheme.com/tf/html/arowana-preview/arowana/img/icons/payment-4.png]
[tunatheme.com/tf/html/arowana-preview/arowana/img/icons/payment.png]
[tunatheme.com/tf/html/arowana-preview/arowana/img/product/7.png]
[tunatheme.com/tf/html/arowana-preview/arowana/index.html]
[tunatheme.com/tf/html/arowana-preview/arowana/js/main.js]
[tunatheme.com/tf/html/arowana-preview/arowana/js/plugins.js]
[tunatheme.com/tf/html/arowana-preview/arowana/webfonts/fa-brands-400.eot]
[tunatheme.com/tf/html/arowana-preview/arowana/webfonts/fa-brands-400.woff2]
[tunatheme.com/tf/html/arowana-preview/arowana/webfonts/fa-brands-400.woff]
[tunatheme.com/tf/html/arowana-preview/arowana/webfonts/fa-brands-400d41d.eot]
[tunatheme.com/tf/html/arowana-preview/arowana/webfonts/fa-brands-400.ttf]
[tunatheme.com/tf/html/arowana-preview/arowana/webfonts/fa-regular-400.eot]
[tunatheme.com/tf/html/arowana-preview/arowana/webfonts/fa-regular-400d41d.eot]
[tunatheme.com/tf/html/arowana-preview/arowana/webfonts/fa-regular-400.woff2]
[tunatheme.com/tf/html/arowana-preview/arowana/webfonts/fa-regular-400.woff]
[tunatheme.com/tf/html/arowana-preview/arowana/webfonts/fa-regular-400.ttf]
[tunatheme.com/tf/html/arowana-preview/arowana/webfonts/fa-regular-400.svg]
[tunatheme.com/tf/html/arowana-preview/arowana/webfonts/fa-solid-900.woff2]
[tunatheme.com/tf/html/arowana-preview/arowana/webfonts/fa-solid-900.eot]
[tunatheme.com/tf/html/arowana-preview/arowana/webfonts/fa-solid-900.woff]
[tunatheme.com/tf/html/arowana-preview/arowana/webfonts/fa-solid-900.ttf]
[tunatheme.com/tf/html/arowana-preview/arowana/webfonts/fa-brands-400.svg]
[tunatheme.com/tf/html/arowana-preview/arowana/webfonts/fa-solid-900d41d.eot]
[tunatheme.com/tf/html/arowana-preview/arowana/fonts/icomoon7d2d.eot]
[tunatheme.com/tf/html/arowana-preview/arowana/fonts/icomoon7d2d.ttf]
[tunatheme.com/tf/html/arowana-preview/arowana/fonts/icomoon7d2d.woff]
[tunatheme.com/tf/html/arowana-preview/arowana/css/font-icons.css]
[tunatheme.com/tf/html/arowana-preview/arowana/fonts/lightcaseeead.eot]
[tunatheme.com/tf/html/arowana-preview/arowana/webfonts/fa-solid-900.svg]
[tunatheme.com/tf/html/arowana-preview/arowana/fonts/lightcaseeead.woff]
[tunatheme.com/tf/html/arowana-preview/arowana/fonts/icomoon7d2d.svg]
[tunatheme.com/tf/html/arowana-preview/arowana/fonts/lightcaseeead.ttf]
[tunatheme.com/tf/html/arowana-preview/arowana/fonts/lightcaseeead.svg]
[tunatheme.com/tf/html/arowana-preview/arowana/css/plugins.css]
[tunatheme.com/tf/html/arowana-preview/arowana/img/slider/1.jpg]
[tunatheme.com/tf/html/arowana-preview/arowana/img/slider/2.jpg]
[tunatheme.com/tf/html/arowana-preview/arowana/img/icons/car.png]
[tunatheme.com/tf/html/arowana-preview/arowana/css/style.css]
[tunatheme.com/tf/html/arowana-preview/arowana/css/responsive.css]
[tunatheme.com/tf/html/arowana-preview/arowana/img/bg/4.png]
[tunatheme.com/tf/html/arowana-preview/arowana/js/maplace-active.js]
[tunatheme.com/tf/html/arowana-preview/arowana/locations.html]
[tunatheme.com/tf/html/arowana-preview/arowana/img/icons/svg/1-cart.svg]
[tunatheme.com/tf/html/arowana-preview/arowana/img/icons/svg/2-track.svg]
[tunatheme.com/tf/html/arowana-preview/arowana/img/icons/svg/3-payment.svg]
[tunatheme.com/tf/html/arowana-preview/arowana/img/banner/1.jpg]
[tunatheme.com/tf/html/arowana-preview/arowana/img/banner/2.jpg]
[tunatheme.com/tf/html/arowana-preview/arowana/img/banner/5.png]
[tunatheme.com/tf/html/arowana-preview/arowana/img/product/8.png]
[tunatheme.com/tf/html/arowana-preview/arowana/img/bg/6.jpg]
[tunatheme.com/tf/html/arowana-preview/arowana/img/bg/1.png]
[tunatheme.com/tf/html/arowana-preview/arowana/img/bg/11.png]
[tunatheme.com/tf/html/arowana-preview/arowana/img/blog/1.jpg]
[tunatheme.com/tf/html/arowana-preview/arowana/img/blog/2.jpg]
[tunatheme.com/tf/html/arowana-preview/arowana/img/blog/3.jpg]
[tunatheme.com/tf/html/arowana-preview/arowana/index-2.html]
[tunatheme.com/tf/html/arowana-preview/arowana/img/slider/22.jpg]
[tunatheme.com/tf/html/arowana-preview/arowana/img/bg/18.png]
[tunatheme.com/tf/html/arowana-preview/arowana/img/bg/19.png]
[tunatheme.com/tf/html/arowana-preview/arowana/img/logo-2.png]
[tunatheme.com/tf/html/arowana-preview/arowana/index-3.html]
[tunatheme.com/tf/html/arowana-preview/arowana/img/bg/12.jpg]
[tunatheme.com/tf/html/arowana-preview/arowana/index-4.html]
[tunatheme.com/tf/html/arowana-preview/arowana/img/slider/12.jpg]
[tunatheme.com/tf/html/arowana-preview/arowana/img/slider/11.jpg]
[tunatheme.com/tf/html/arowana-preview/arowana/index-5.html]
[tunatheme.com/tf/html/arowana-preview/arowana/index-6.html]
[tunatheme.com/tf/html/arowana-preview/arowana/img/slider/13.jpg]
[tunatheme.com/tf/html/arowana-preview/arowana/index-7.html]
[tunatheme.com/tf/html/arowana-preview/arowana/index-8.html]
[tunatheme.com/tf/html/arowana-preview/arowana/img/banner/7.png]
[tunatheme.com/tf/html/arowana-preview/arowana/about.html]
[tunatheme.com/tf/html/arowana-preview/arowana/img/bg/17.jpg]
[tunatheme.com/tf/html/arowana-preview/arowana/img/banner/13.jpg]
[tunatheme.com/tf/html/arowana-preview/arowana/faq.html]
[tunatheme.com/tf/html/arowana-preview/arowana/coming-soon.html]
[tunatheme.com/tf/html/arowana-preview/arowana/404.html]
[tunatheme.com/tf/html/arowana-preview/arowana/js/contact.js]
[tunatheme.com/tf/html/arowana-preview/arowana/contact.html]
[tunatheme.com/tf/html/arowana-preview/arowana/shop.html]
[tunatheme.com/tf/html/arowana-preview/arowana/img/product/10.png]
[tunatheme.com/tf/html/arowana-preview/arowana/img/product/11.png]
[tunatheme.com/tf/html/arowana-preview/arowana/img/product/12.png]
[tunatheme.com/tf/html/arowana-preview/arowana/img/product/16.png]
[tunatheme.com/tf/html/arowana-preview/arowana/shop-grid.html]
[tunatheme.com/tf/html/arowana-preview/arowana/shop-left-sidebar.html]
[tunatheme.com/tf/html/arowana-preview/arowana/shop-right-sidebar.html]
[tunatheme.com/tf/html/arowana-preview/arowana/img/icons/payment-2.png]
[tunatheme.com/tf/html/arowana-preview/arowana/img/team/1.jpg]
[tunatheme.com/tf/html/arowana-preview/arowana/img/team/3.jpg]
[tunatheme.com/tf/html/arowana-preview/arowana/img/team/2.jpg]
[tunatheme.com/tf/html/arowana-preview/arowana/img/banner/12.png]
[tunatheme.com/tf/html/arowana-preview/arowana/product-details.html]
[tunatheme.com/tf/html/arowana-preview/arowana/product-details-no-sidebar.html]
[tunatheme.com/tf/html/arowana-preview/arowana/img/product-2/1.jpg]
[tunatheme.com/tf/html/arowana-preview/arowana/img/product-2/2.jpg]
[tunatheme.com/tf/html/arowana-preview/arowana/img/product-2/3.jpg]
[tunatheme.com/tf/html/arowana-preview/arowana/img/product-2/4.jpg]
[fancyapps.com/fancybox/source/jquery.fancybox.pack.a18cbb.delayed]
[fancyapps.com/fancybox/source/jquery.fancybox8cbb.css]
[tunatheme.com/tf/html/arowana-preview/arowana/product-details-hover-zoom.html]
[tunatheme.com/tf/html/arowana-preview/arowana/cart.html]
[tunatheme.com/tf/html/arowana-preview/arowana/wishlist.html]
[tunatheme.com/tf/html/arowana-preview/arowana/img/icons/payment-3.png]
[tunatheme.com/tf/html/arowana-preview/arowana/checkout.html]
[tunatheme.com/tf/html/arowana-preview/arowana/order-tracking.html]
[tunatheme.com/tf/html/arowana-preview/arowana/account.html]
[tunatheme.com/tf/html/arowana-preview/arowana/login.html]
[tunatheme.com/tf/html/arowana-preview/arowana/register.html]
[tunatheme.com/tf/html/arowana-preview/arowana/img/blog/4.jpg]
[tunatheme.com/tf/html/arowana-preview/arowana/img/blog/5.jpg]
[tunatheme.com/tf/html/arowana-preview/arowana/img/blog/author-2.jpg]
[tunatheme.com/tf/html/arowana-preview/arowana/img/team/6.jpg]
[tunatheme.com/tf/html/arowana-preview/arowana/img/banner/12.jpg]
[tunatheme.com/tf/html/arowana-preview/arowana/blog.html]
[tunatheme.com/tf/html/arowana-preview/arowana/blog-grid.html]
[tunatheme.com/tf/html/arowana-preview/arowana/blog-left-sidebar.html]
[tunatheme.com/tf/html/arowana-preview/arowana/blog-right-sidebar.html]
[tunatheme.com/tf/html/arowana-preview/arowana/img/blog/author.jpg]
[tunatheme.com/tf/html/arowana-preview/arowana/img/blog/blog-details/1.jpg]
[tunatheme.com/tf/html/arowana-preview/arowana/img/testimonial/1.jpg]
[tunatheme.com/tf/html/arowana-preview/arowana/img/testimonial/3.jpg]
[tunatheme.com/tf/html/arowana-preview/arowana/img/testimonial/4.jpg]
[tunatheme.com/tf/html/arowana-preview/arowana/blog-details.html]
[tunatheme.com/tf/html/arowana-preview/arowana/img/icons/svg/4-track.svg]
[tunatheme.com/tf/html/arowana-preview/arowana/img/icons/svg/5-madel.svg]
[tunatheme.com/tf/html/arowana-preview/arowana/img/icons/svg/6-return.svg]
[tunatheme.com/tf/html/arowana-preview/arowana/img/icons/svg/7-support.svg]
[tunatheme.com/tf/html/arowana-preview/arowana/webfonts/fa-brands-400.svg]
[tunatheme.com/tf/html/arowana-preview/arowana/webfonts/fa-regular-400.svg]
[tunatheme.com/tf/html/arowana-preview/arowana/webfonts/fa-solid-900.svg]
[tunatheme.com/tf/html/arowana-preview/arowana/fonts/icomoon7d2d.svg]
[tunatheme.com/tf/html/arowana-preview/arowana/fonts/lightcaseeead.svg]
[tunatheme.com/tf/html/arowana-preview/arowana/css/images/ui-bg_inset-hard_100_fcfdfd_1x100.html]
[tunatheme.com/tf/html/arowana-preview/arowana/css/images/ui-bg_gloss-wave_55_5c9ccc_500x100.html]
[tunatheme.com/tf/html/arowana-preview/arowana/css/images/ui-bg_glass_85_dfeffc_1x400.html]
[tunatheme.com/tf/html/arowana-preview/arowana/css/images/ui-bg_glass_75_d0e5f5_1x400.html]
[tunatheme.com/tf/html/arowana-preview/arowana/css/images/ui-bg_inset-hard_100_f5f8f9_1x100.html]
[tunatheme.com/tf/html/arowana-preview/arowana/css/images/ui-bg_glass_95_fef1ec_1x400.html]
[tunatheme.com/tf/html/arowana-preview/arowana/css/images/ui-icons_469bdd_256x240.html]
[tunatheme.com/tf/html/arowana-preview/arowana/css/images/ui-icons_d8e7f3_256x240.html]
[tunatheme.com/tf/html/arowana-preview/arowana/css/images/ui-icons_6da8d5_256x240.html]
[tunatheme.com/tf/html/arowana-preview/arowana/css/images/ui-icons_217bc0_256x240.html]
[tunatheme.com/tf/html/arowana-preview/arowana/css/images/ui-icons_f9bd01_256x240.html]
[tunatheme.com/tf/html/arowana-preview/arowana/css/images/ui-icons_2e83ff_256x240.html]
[tunatheme.com/tf/html/arowana-preview/arowana/css/images/ui-icons_cd0a0a_256x240.html]
[tunatheme.com/tf/html/arowana-preview/arowana/img/effect/1.html]
[tunatheme.com/tf/html/arowana-preview/arowana/img/effect/2.html]
[tunatheme.com/tf/html/arowana-preview/arowana/img/effect/3.html]
[tunatheme.com/tf/html/arowana-preview/arowana/img/effect/4.html]
[tunatheme.com/tf/html/arowana-preview/arowana/img/effect/5.html]
[tunatheme.com/tf/html/arowana-preview/arowana/img/effect/6.html]
[tunatheme.com/tf/html/arowana-preview/arowana/appointment.html]
[tunatheme.com/tf/html/arowana-preview/arowana/img/icons/svg/1-cart.svg]
[tunatheme.com/tf/html/arowana-preview/arowana/img/icons/svg/2-track.svg]
[tunatheme.com/tf/html/arowana-preview/arowana/img/icons/svg/3-payment.svg]
[fancyapps.com/fancybox/source/jquery.fancybox.pack8cbb.html]
[fancyapps.com/fancybox/source/jquery.fancybox8cbb.html]
[tunatheme.com/tf/html/arowana-preview/arowana/login-register.html]
